This is XeTeX, Version 3.141592653-2.6-0.999995 (TeX Live 2023/Debian) (preloaded format=xelatex 2025.1.31)  19 MAY 2025 08:45
entering extended mode
 restricted \write18 enabled.
 %&-line parsing enabled.
**\nonstopmode\input example_presentation.tex
(./example_presentation.tex
(/usr/share/texlive/texmf-dist/tex/latex/beamer/beamer.cls
Document Class: beamer 2024/01/06 v3.71 A class for typesetting presentations
(/usr/share/texlive/texmf-dist/tex/latex/beamer/beamerbasemodes.sty
(/usr/share/texlive/texmf-dist/tex/latex/etoolbox/etoolbox.sty
Package: etoolbox 2020/10/05 v2.5k e-TeX tools for LaTeX (JAW)
\etb@tempcnta=\count183
)
\beamer@tempbox=\box51
\beamer@tempcount=\count184
\c@beamerpauses=\count185

(/usr/share/texlive/texmf-dist/tex/latex/beamer/beamerbasedecode.sty
\beamer@slideinframe=\count186
\beamer@minimum=\count187
\beamer@decode@box=\box52
)
\beamer@commentbox=\box53
\beamer@modecount=\count188
)
(/usr/share/texlive/texmf-dist/tex/generic/iftex/iftex.sty
Package: iftex 2022/02/03 v1.0f TeX engine tests
)
\headdp=\dimen140
\footheight=\dimen141
\sidebarheight=\dimen142
\beamer@tempdim=\dimen143
\beamer@finalheight=\dimen144
\beamer@animht=\dimen145
\beamer@animdp=\dimen146
\beamer@animwd=\dimen147
\beamer@leftmargin=\dimen148
\beamer@rightmargin=\dimen149
\beamer@leftsidebar=\dimen150
\beamer@rightsidebar=\dimen151
\beamer@boxsize=\dimen152
\beamer@vboxoffset=\dimen153
\beamer@descdefault=\dimen154
\beamer@descriptionwidth=\dimen155
\beamer@lastskip=\skip48
\beamer@areabox=\box54
\beamer@animcurrent=\box55
\beamer@animshowbox=\box56
\beamer@sectionbox=\box57
\beamer@logobox=\box58
\beamer@linebox=\box59
\beamer@sectioncount=\count189
\beamer@subsubsectionmax=\count190
\beamer@subsectionmax=\count191
\beamer@sectionmax=\count192
\beamer@totalheads=\count193
\beamer@headcounter=\count194
\beamer@partstartpage=\count195
\beamer@sectionstartpage=\count196
\beamer@subsectionstartpage=\count197
\beamer@animationtempa=\count198
\beamer@animationtempb=\count199
\beamer@xpos=\count266
\beamer@ypos=\count267
\beamer@ypos@offset=\count268
\beamer@showpartnumber=\count269
\beamer@currentsubsection=\count270
\beamer@coveringdepth=\count271
\beamer@sectionadjust=\count272
\beamer@toclastsection=\count273
\beamer@tocsectionnumber=\count274

(/usr/share/texlive/texmf-dist/tex/latex/beamer/beamerbaseoptions.sty
(/usr/share/texlive/texmf-dist/tex/latex/graphics/keyval.sty
Package: keyval 2022/05/29 v1.15 key=value parser (DPC)
\KV@toks@=\toks17
))
\beamer@paperwidth=\skip49
\beamer@paperheight=\skip50

(/usr/share/texlive/texmf-dist/tex/latex/geometry/geometry.sty
Package: geometry 2020/01/02 v5.9 Page Geometry

(/usr/share/texlive/texmf-dist/tex/generic/iftex/ifvtex.sty
Package: ifvtex 2019/10/25 v1.7 ifvtex legacy package. Use iftex instead.
)
\Gm@cnth=\count275
\Gm@cntv=\count276
\c@Gm@tempcnt=\count277
\Gm@bindingoffset=\dimen156
\Gm@wd@mp=\dimen157
\Gm@odd@mp=\dimen158
\Gm@even@mp=\dimen159
\Gm@layoutwidth=\dimen160
\Gm@layoutheight=\dimen161
\Gm@layouthoffset=\dimen162
\Gm@layoutvoffset=\dimen163
\Gm@dimlist=\toks18
)
(/usr/share/texlive/texmf-dist/tex/latex/pgf/math/pgfmath.sty
(/usr/share/texlive/texmf-dist/tex/latex/pgf/utilities/pgfrcs.sty
(/usr/share/texlive/texmf-dist/tex/generic/pgf/utilities/pgfutil-common.tex
\pgfutil@everybye=\toks19
\pgfutil@tempdima=\dimen164
\pgfutil@tempdimb=\dimen165
)
(/usr/share/texlive/texmf-dist/tex/generic/pgf/utilities/pgfutil-latex.def
\pgfutil@abb=\box60
)
(/usr/share/texlive/texmf-dist/tex/generic/pgf/utilities/pgfrcs.code.tex
(/usr/share/texlive/texmf-dist/tex/generic/pgf/pgf.revision.tex)
Package: pgfrcs 2023-01-15 v3.1.10 (3.1.10)
))
(/usr/share/texlive/texmf-dist/tex/latex/pgf/utilities/pgfkeys.sty
(/usr/share/texlive/texmf-dist/tex/generic/pgf/utilities/pgfkeys.code.tex
\pgfkeys@pathtoks=\toks20
\pgfkeys@temptoks=\toks21

(/usr/share/texlive/texmf-dist/tex/generic/pgf/utilities/pgfkeyslibraryfiltered
.code.tex
\pgfkeys@tmptoks=\toks22
)))
(/usr/share/texlive/texmf-dist/tex/generic/pgf/math/pgfmath.code.tex
(/usr/share/texlive/texmf-dist/tex/generic/pgf/math/pgfmathutil.code.tex
\pgf@x=\dimen166
\pgf@xa=\dimen167
\pgf@xb=\dimen168
\pgf@xc=\dimen169
\pgf@y=\dimen170
\pgf@ya=\dimen171
\pgf@yb=\dimen172
\pgf@yc=\dimen173
\c@pgf@counta=\count278
\c@pgf@countb=\count279
\c@pgf@countc=\count280
\c@pgf@countd=\count281
)
(/usr/share/texlive/texmf-dist/tex/generic/pgf/math/pgfmathparser.code.tex
\pgfmath@dimen=\dimen174
\pgfmath@count=\count282
\pgfmath@box=\box61
\pgfmath@toks=\toks23
\pgfmath@stack@operand=\toks24
\pgfmath@stack@operation=\toks25
)
(/usr/share/texlive/texmf-dist/tex/generic/pgf/math/pgfmathfunctions.code.tex)
(/usr/share/texlive/texmf-dist/tex/generic/pgf/math/pgfmathfunctions.basic.code
.tex)
(/usr/share/texlive/texmf-dist/tex/generic/pgf/math/pgfmathfunctions.trigonomet
ric.code.tex)
(/usr/share/texlive/texmf-dist/tex/generic/pgf/math/pgfmathfunctions.random.cod
e.tex)
(/usr/share/texlive/texmf-dist/tex/generic/pgf/math/pgfmathfunctions.comparison
.code.tex)
(/usr/share/texlive/texmf-dist/tex/generic/pgf/math/pgfmathfunctions.base.code.
tex)
(/usr/share/texlive/texmf-dist/tex/generic/pgf/math/pgfmathfunctions.round.code
.tex)
(/usr/share/texlive/texmf-dist/tex/generic/pgf/math/pgfmathfunctions.misc.code.
tex)
(/usr/share/texlive/texmf-dist/tex/generic/pgf/math/pgfmathfunctions.integerari
thmetics.code.tex)
(/usr/share/texlive/texmf-dist/tex/generic/pgf/math/pgfmathcalc.code.tex)
(/usr/share/texlive/texmf-dist/tex/generic/pgf/math/pgfmathfloat.code.tex
\c@pgfmathroundto@lastzeros=\count283
)))
(/usr/share/texlive/texmf-dist/tex/latex/base/size11.clo
File: size11.clo 2023/05/17 v1.4n Standard LaTeX file (size option)
)
(/usr/share/texlive/texmf-dist/tex/latex/pgf/basiclayer/pgfcore.sty
(/usr/share/texlive/texmf-dist/tex/latex/graphics/graphicx.sty
Package: graphicx 2021/09/16 v1.2d Enhanced LaTeX Graphics (DPC,SPQR)

(/usr/share/texlive/texmf-dist/tex/latex/graphics/graphics.sty
Package: graphics 2022/03/10 v1.4e Standard LaTeX Graphics (DPC,SPQR)

(/usr/share/texlive/texmf-dist/tex/latex/graphics/trig.sty
Package: trig 2021/08/11 v1.11 sin cos tan (DPC)
)
(/usr/share/texlive/texmf-dist/tex/latex/graphics-cfg/graphics.cfg
File: graphics.cfg 2016/06/04 v1.11 sample graphics configuration
)
Package graphics Info: Driver file: xetex.def on input line 107.

(/usr/share/texlive/texmf-dist/tex/latex/graphics-def/xetex.def
File: xetex.def 2022/09/22 v5.0n Graphics/color driver for xetex
))
\Gin@req@height=\dimen175
\Gin@req@width=\dimen176
)
(/usr/share/texlive/texmf-dist/tex/latex/pgf/systemlayer/pgfsys.sty
(/usr/share/texlive/texmf-dist/tex/generic/pgf/systemlayer/pgfsys.code.tex
Package: pgfsys 2023-01-15 v3.1.10 (3.1.10)
\pgf@x=\dimen177
\pgf@y=\dimen178
\pgf@xa=\dimen179
\pgf@ya=\dimen180
\pgf@xb=\dimen181
\pgf@yb=\dimen182
\pgf@xc=\dimen183
\pgf@yc=\dimen184
\pgf@xd=\dimen185
\pgf@yd=\dimen186
\w@pgf@writea=\write3
\r@pgf@reada=\read2
\c@pgf@counta=\count284
\c@pgf@countb=\count285
\c@pgf@countc=\count286
\c@pgf@countd=\count287
\t@pgf@toka=\toks26
\t@pgf@tokb=\toks27
\t@pgf@tokc=\toks28
\pgf@sys@id@count=\count288

(/usr/share/texlive/texmf-dist/tex/generic/pgf/systemlayer/pgf.cfg
File: pgf.cfg 2023-01-15 v3.1.10 (3.1.10)
)
Driver file for pgf: pgfsys-xetex.def

(/usr/share/texlive/texmf-dist/tex/generic/pgf/systemlayer/pgfsys-xetex.def
File: pgfsys-xetex.def 2023-01-15 v3.1.10 (3.1.10)

(/usr/share/texlive/texmf-dist/tex/generic/pgf/systemlayer/pgfsys-dvipdfmx.def
File: pgfsys-dvipdfmx.def 2023-01-15 v3.1.10 (3.1.10)

(/usr/share/texlive/texmf-dist/tex/generic/pgf/systemlayer/pgfsys-common-pdf.de
f
File: pgfsys-common-pdf.def 2023-01-15 v3.1.10 (3.1.10)
)
\pgfsys@objnum=\count289
)))
(/usr/share/texlive/texmf-dist/tex/generic/pgf/systemlayer/pgfsyssoftpath.code.
tex
File: pgfsyssoftpath.code.tex 2023-01-15 v3.1.10 (3.1.10)
\pgfsyssoftpath@smallbuffer@items=\count290
\pgfsyssoftpath@bigbuffer@items=\count291
)
(/usr/share/texlive/texmf-dist/tex/generic/pgf/systemlayer/pgfsysprotocol.code.
tex
File: pgfsysprotocol.code.tex 2023-01-15 v3.1.10 (3.1.10)
)) (/usr/share/texlive/texmf-dist/tex/latex/xcolor/xcolor.sty
Package: xcolor 2023/11/15 v3.01 LaTeX color extensions (UK)

(/usr/share/texlive/texmf-dist/tex/latex/graphics-cfg/color.cfg
File: color.cfg 2016/01/02 v1.6 sample color configuration
)
Package xcolor Info: Driver file: xetex.def on input line 274.

(/usr/share/texlive/texmf-dist/tex/latex/graphics/mathcolor.ltx)
Package xcolor Info: Model `cmy' substituted by `cmy0' on input line 1350.
Package xcolor Info: Model `RGB' extended on input line 1366.
Package xcolor Info: Model `HTML' substituted by `rgb' on input line 1368.
Package xcolor Info: Model `Hsb' substituted by `hsb' on input line 1369.
Package xcolor Info: Model `tHsb' substituted by `hsb' on input line 1370.
Package xcolor Info: Model `HSB' substituted by `hsb' on input line 1371.
Package xcolor Info: Model `Gray' substituted by `gray' on input line 1372.
Package xcolor Info: Model `wave' substituted by `hsb' on input line 1373.
)
(/usr/share/texlive/texmf-dist/tex/generic/pgf/basiclayer/pgfcore.code.tex
Package: pgfcore 2023-01-15 v3.1.10 (3.1.10)

(/usr/share/texlive/texmf-dist/tex/generic/pgf/math/pgfint.code.tex)
(/usr/share/texlive/texmf-dist/tex/generic/pgf/basiclayer/pgfcorepoints.code.te
x
File: pgfcorepoints.code.tex 2023-01-15 v3.1.10 (3.1.10)
\pgf@picminx=\dimen187
\pgf@picmaxx=\dimen188
\pgf@picminy=\dimen189
\pgf@picmaxy=\dimen190
\pgf@pathminx=\dimen191
\pgf@pathmaxx=\dimen192
\pgf@pathminy=\dimen193
\pgf@pathmaxy=\dimen194
\pgf@xx=\dimen195
\pgf@xy=\dimen196
\pgf@yx=\dimen197
\pgf@yy=\dimen198
\pgf@zx=\dimen199
\pgf@zy=\dimen256
)
(/usr/share/texlive/texmf-dist/tex/generic/pgf/basiclayer/pgfcorepathconstruct.
code.tex
File: pgfcorepathconstruct.code.tex 2023-01-15 v3.1.10 (3.1.10)
\pgf@path@lastx=\dimen257
\pgf@path@lasty=\dimen258
)
(/usr/share/texlive/texmf-dist/tex/generic/pgf/basiclayer/pgfcorepathusage.code
.tex
File: pgfcorepathusage.code.tex 2023-01-15 v3.1.10 (3.1.10)
\pgf@shorten@end@additional=\dimen259
\pgf@shorten@start@additional=\dimen260
)
(/usr/share/texlive/texmf-dist/tex/generic/pgf/basiclayer/pgfcorescopes.code.te
x
File: pgfcorescopes.code.tex 2023-01-15 v3.1.10 (3.1.10)
\pgfpic=\box62
\pgf@hbox=\box63
\pgf@layerbox@main=\box64
\pgf@picture@serial@count=\count292
)
(/usr/share/texlive/texmf-dist/tex/generic/pgf/basiclayer/pgfcoregraphicstate.c
ode.tex
File: pgfcoregraphicstate.code.tex 2023-01-15 v3.1.10 (3.1.10)
\pgflinewidth=\dimen261
)
(/usr/share/texlive/texmf-dist/tex/generic/pgf/basiclayer/pgfcoretransformation
s.code.tex
File: pgfcoretransformations.code.tex 2023-01-15 v3.1.10 (3.1.10)
\pgf@pt@x=\dimen262
\pgf@pt@y=\dimen263
\pgf@pt@temp=\dimen264
)
(/usr/share/texlive/texmf-dist/tex/generic/pgf/basiclayer/pgfcorequick.code.tex
File: pgfcorequick.code.tex 2023-01-15 v3.1.10 (3.1.10)
)
(/usr/share/texlive/texmf-dist/tex/generic/pgf/basiclayer/pgfcoreobjects.code.t
ex
File: pgfcoreobjects.code.tex 2023-01-15 v3.1.10 (3.1.10)
)
(/usr/share/texlive/texmf-dist/tex/generic/pgf/basiclayer/pgfcorepathprocessing
.code.tex
File: pgfcorepathprocessing.code.tex 2023-01-15 v3.1.10 (3.1.10)
)
(/usr/share/texlive/texmf-dist/tex/generic/pgf/basiclayer/pgfcorearrows.code.te
x
File: pgfcorearrows.code.tex 2023-01-15 v3.1.10 (3.1.10)
\pgfarrowsep=\dimen265
)
(/usr/share/texlive/texmf-dist/tex/generic/pgf/basiclayer/pgfcoreshade.code.tex
File: pgfcoreshade.code.tex 2023-01-15 v3.1.10 (3.1.10)
\pgf@max=\dimen266
\pgf@sys@shading@range@num=\count293
\pgf@shadingcount=\count294
)
(/usr/share/texlive/texmf-dist/tex/generic/pgf/basiclayer/pgfcoreimage.code.tex
File: pgfcoreimage.code.tex 2023-01-15 v3.1.10 (3.1.10)
)
(/usr/share/texlive/texmf-dist/tex/generic/pgf/basiclayer/pgfcoreexternal.code.
tex
File: pgfcoreexternal.code.tex 2023-01-15 v3.1.10 (3.1.10)
\pgfexternal@startupbox=\box65
)
(/usr/share/texlive/texmf-dist/tex/generic/pgf/basiclayer/pgfcorelayers.code.te
x
File: pgfcorelayers.code.tex 2023-01-15 v3.1.10 (3.1.10)
)
(/usr/share/texlive/texmf-dist/tex/generic/pgf/basiclayer/pgfcoretransparency.c
ode.tex
File: pgfcoretransparency.code.tex 2023-01-15 v3.1.10 (3.1.10)
)
(/usr/share/texlive/texmf-dist/tex/generic/pgf/basiclayer/pgfcorepatterns.code.
tex
File: pgfcorepatterns.code.tex 2023-01-15 v3.1.10 (3.1.10)
)
(/usr/share/texlive/texmf-dist/tex/generic/pgf/basiclayer/pgfcorerdf.code.tex
File: pgfcorerdf.code.tex 2023-01-15 v3.1.10 (3.1.10)
))) (/usr/share/texlive/texmf-dist/tex/latex/pgf/utilities/xxcolor.sty
Package: xxcolor 2003/10/24 ver 0.1
\XC@nummixins=\count295
\XC@countmixins=\count296
)
(/usr/share/texlive/texmf-dist/tex/latex/base/atbegshi-ltx.sty
Package: atbegshi-ltx 2021/01/10 v1.0c Emulation of the original atbegshi
package with kernel methods
)
(/usr/share/texlive/texmf-dist/tex/latex/hyperref/hyperref.sty
Package: hyperref 2024-01-20 v7.01h Hypertext links for LaTeX

(/usr/share/texlive/texmf-dist/tex/latex/kvsetkeys/kvsetkeys.sty
Package: kvsetkeys 2022-10-05 v1.19 Key value parser (HO)
)
(/usr/share/texlive/texmf-dist/tex/generic/kvdefinekeys/kvdefinekeys.sty
Package: kvdefinekeys 2019-12-19 v1.6 Define keys (HO)
)
(/usr/share/texlive/texmf-dist/tex/generic/pdfescape/pdfescape.sty
Package: pdfescape 2019/12/09 v1.15 Implements pdfTeX's escape features (HO)

(/usr/share/texlive/texmf-dist/tex/generic/ltxcmds/ltxcmds.sty
Package: ltxcmds 2023-12-04 v1.26 LaTeX kernel commands for general use (HO)
)
(/usr/share/texlive/texmf-dist/tex/generic/pdftexcmds/pdftexcmds.sty
Package: pdftexcmds 2020-06-27 v0.33 Utility functions of pdfTeX for LuaTeX (HO
)

(/usr/share/texlive/texmf-dist/tex/generic/infwarerr/infwarerr.sty
Package: infwarerr 2019/12/03 v1.5 Providing info/warning/error messages (HO)
)
Package pdftexcmds Info: \pdf@primitive is available.
Package pdftexcmds Info: \pdf@ifprimitive is available.
Package pdftexcmds Info: \pdfdraftmode not found.
))
(/usr/share/texlive/texmf-dist/tex/latex/hycolor/hycolor.sty
Package: hycolor 2020-01-27 v1.10 Color options for hyperref/bookmark (HO)
)
(/usr/share/texlive/texmf-dist/tex/latex/auxhook/auxhook.sty
Package: auxhook 2019-12-17 v1.6 Hooks for auxiliary files (HO)
)
(/usr/share/texlive/texmf-dist/tex/latex/hyperref/nameref.sty
Package: nameref 2023-11-26 v2.56 Cross-referencing by name of section

(/usr/share/texlive/texmf-dist/tex/latex/refcount/refcount.sty
Package: refcount 2019/12/15 v3.6 Data extraction from label references (HO)
)
(/usr/share/texlive/texmf-dist/tex/generic/gettitlestring/gettitlestring.sty
Package: gettitlestring 2019/12/15 v1.6 Cleanup title references (HO)

(/usr/share/texlive/texmf-dist/tex/latex/kvoptions/kvoptions.sty
Package: kvoptions 2022-06-15 v3.15 Key value format for package options (HO)
))
\c@section@level=\count297
)
\@linkdim=\dimen267
\Hy@linkcounter=\count298
\Hy@pagecounter=\count299

(/usr/share/texlive/texmf-dist/tex/latex/hyperref/pd1enc.def
File: pd1enc.def 2024-01-20 v7.01h Hyperref: PDFDocEncoding definition (HO)
)
(/usr/share/texlive/texmf-dist/tex/generic/intcalc/intcalc.sty
Package: intcalc 2019/12/15 v1.3 Expandable calculations with integers (HO)
)
\Hy@SavedSpaceFactor=\count300

(/usr/share/texlive/texmf-dist/tex/latex/hyperref/puenc.def
File: puenc.def 2024-01-20 v7.01h Hyperref: PDF Unicode definition (HO)
)
Package hyperref Info: Option `bookmarks' set `true' on input line 4062.
Package hyperref Info: Option `bookmarksopen' set `true' on input line 4062.
Package hyperref Info: Option `implicit' set `false' on input line 4062.
Package hyperref Info: Hyper figures OFF on input line 4179.
Package hyperref Info: Link nesting OFF on input line 4184.
Package hyperref Info: Hyper index ON on input line 4187.
Package hyperref Info: Plain pages OFF on input line 4194.
Package hyperref Info: Backreferencing OFF on input line 4199.
Package hyperref Info: Implicit mode OFF; no redefinition of LaTeX internals.
Package hyperref Info: Bookmarks ON on input line 4446.
\c@Hy@tempcnt=\count301

(/usr/share/texlive/texmf-dist/tex/latex/url/url.sty
\Urlmuskip=\muskip16
Package: url 2013/09/16  ver 3.4  Verb mode for urls, etc.
)
LaTeX Info: Redefining \url on input line 4784.
\XeTeXLinkMargin=\dimen268

(/usr/share/texlive/texmf-dist/tex/generic/bitset/bitset.sty
Package: bitset 2019/12/09 v1.3 Handle bit-vector datatype (HO)

(/usr/share/texlive/texmf-dist/tex/generic/bigintcalc/bigintcalc.sty
Package: bigintcalc 2019/12/15 v1.5 Expandable calculations on big integers (HO
)
))
\Fld@menulength=\count302
\Field@Width=\dimen269
\Fld@charsize=\dimen270
Package hyperref Info: Hyper figures OFF on input line 6063.
Package hyperref Info: Link nesting OFF on input line 6068.
Package hyperref Info: Hyper index ON on input line 6071.
Package hyperref Info: backreferencing OFF on input line 6078.
Package hyperref Info: Link coloring OFF on input line 6083.
Package hyperref Info: Link coloring with OCG OFF on input line 6088.
Package hyperref Info: PDF/A mode OFF on input line 6093.
\Hy@abspage=\count303


Package hyperref Message: Stopped early.

)
Package hyperref Info: Driver (autodetected): hxetex.
 (/usr/share/texlive/texmf-dist/tex/latex/hyperref/hxetex.def
File: hxetex.def 2024-01-20 v7.01h Hyperref driver for XeTeX

(/usr/share/texlive/texmf-dist/tex/generic/stringenc/stringenc.sty
Package: stringenc 2019/11/29 v1.12 Convert strings between diff. encodings (HO
)
)
\pdfm@box=\box66
\c@Hy@AnnotLevel=\count304
\HyField@AnnotCount=\count305
\Fld@listcount=\count306
\c@bookmark@seq@number=\count307

(/usr/share/texlive/texmf-dist/tex/latex/rerunfilecheck/rerunfilecheck.sty
Package: rerunfilecheck 2022-07-10 v1.10 Rerun checks for auxiliary files (HO)

(/usr/share/texlive/texmf-dist/tex/latex/base/atveryend-ltx.sty
Package: atveryend-ltx 2020/08/19 v1.0a Emulation of the original atveryend pac
kage
with kernel methods
)
(/usr/share/texlive/texmf-dist/tex/generic/uniquecounter/uniquecounter.sty
Package: uniquecounter 2019/12/15 v1.4 Provide unlimited unique counter (HO)
)
Package uniquecounter Info: New unique counter `rerunfilecheck' on input line 2
85.
))
(/usr/share/texlive/texmf-dist/tex/latex/beamer/beamerbaserequires.sty
(/usr/share/texlive/texmf-dist/tex/latex/beamer/beamerbasecompatibility.sty)
(/usr/share/texlive/texmf-dist/tex/latex/beamer/beamerbasefont.sty
(/usr/share/texlive/texmf-dist/tex/latex/amsfonts/amssymb.sty
Package: amssymb 2013/01/14 v3.01 AMS font symbols

(/usr/share/texlive/texmf-dist/tex/latex/amsfonts/amsfonts.sty
Package: amsfonts 2013/01/14 v3.01 Basic AMSFonts support
\@emptytoks=\toks29
\symAMSa=\mathgroup4
\symAMSb=\mathgroup5
LaTeX Font Info:    Redeclaring math symbol \hbar on input line 98.
LaTeX Font Info:    Overwriting math alphabet `\mathfrak' in version `bold'
(Font)                  U/euf/m/n --> U/euf/b/n on input line 106.
))
(/usr/share/texlive/texmf-dist/tex/latex/sansmathaccent/sansmathaccent.sty
Package: sansmathaccent 2020/01/31

(/usr/share/texlive/texmf-dist/tex/latex/koma-script/scrlfile.sty
Package: scrlfile 2023/07/07 v3.41 KOMA-Script package (file load hooks)

(/usr/share/texlive/texmf-dist/tex/latex/koma-script/scrlfile-hook.sty
Package: scrlfile-hook 2023/07/07 v3.41 KOMA-Script package (using LaTeX hooks)


(/usr/share/texlive/texmf-dist/tex/latex/koma-script/scrlogo.sty
Package: scrlogo 2023/07/07 v3.41 KOMA-Script package (logo)
)))))
(/usr/share/texlive/texmf-dist/tex/latex/beamer/beamerbasetranslator.sty
(/usr/share/texlive/texmf-dist/tex/latex/translator/translator.sty
Package: translator 2021-05-31 v1.12d Easy translation of strings in LaTeX
))
(/usr/share/texlive/texmf-dist/tex/latex/beamer/beamerbasemisc.sty)
(/usr/share/texlive/texmf-dist/tex/latex/beamer/beamerbasetwoscreens.sty)
(/usr/share/texlive/texmf-dist/tex/latex/beamer/beamerbaseoverlay.sty
\beamer@argscount=\count308
\beamer@lastskipcover=\skip51
\beamer@trivlistdepth=\count309
)
(/usr/share/texlive/texmf-dist/tex/latex/beamer/beamerbasetitle.sty)
(/usr/share/texlive/texmf-dist/tex/latex/beamer/beamerbasesection.sty
\c@lecture=\count310
\c@part=\count311
\c@section=\count312
\c@subsection=\count313
\c@subsubsection=\count314
)
(/usr/share/texlive/texmf-dist/tex/latex/beamer/beamerbaseframe.sty
\beamer@framebox=\box67
\beamer@frametitlebox=\box68
\beamer@zoombox=\box69
\beamer@zoomcount=\count315
\beamer@zoomframecount=\count316
\beamer@frametextheight=\dimen271
\c@subsectionslide=\count317
\beamer@frametopskip=\skip52
\beamer@framebottomskip=\skip53
\beamer@frametopskipautobreak=\skip54
\beamer@framebottomskipautobreak=\skip55
\beamer@envbody=\toks30
\framewidth=\dimen272
\c@framenumber=\count318
)
(/usr/share/texlive/texmf-dist/tex/latex/beamer/beamerbaseverbatim.sty
\beamer@verbatimfileout=\write4
)
(/usr/share/texlive/texmf-dist/tex/latex/beamer/beamerbaseframesize.sty
\beamer@splitbox=\box70
\beamer@autobreakcount=\count319
\beamer@autobreaklastheight=\dimen273
\beamer@frametitletoks=\toks31
\beamer@framesubtitletoks=\toks32
)
(/usr/share/texlive/texmf-dist/tex/latex/beamer/beamerbaseframecomponents.sty
\beamer@footins=\box71
)
(/usr/share/texlive/texmf-dist/tex/latex/beamer/beamerbasecolor.sty)
(/usr/share/texlive/texmf-dist/tex/latex/beamer/beamerbasenotes.sty
\beamer@frameboxcopy=\box72
)
(/usr/share/texlive/texmf-dist/tex/latex/beamer/beamerbasetoc.sty)
(/usr/share/texlive/texmf-dist/tex/latex/beamer/beamerbasetemplates.sty
\beamer@sbttoks=\toks33

(/usr/share/texlive/texmf-dist/tex/latex/beamer/beamerbaseauxtemplates.sty
(/usr/share/texlive/texmf-dist/tex/latex/beamer/beamerbaseboxes.sty
\bmb@box=\box73
\bmb@colorbox=\box74
\bmb@boxwidth=\dimen274
\bmb@boxheight=\dimen275
\bmb@prevheight=\dimen276
\bmb@temp=\dimen277
\bmb@dima=\dimen278
\bmb@dimb=\dimen279
\bmb@prevheight=\dimen280
)
\beamer@blockheadheight=\dimen281
))
(/usr/share/texlive/texmf-dist/tex/latex/beamer/beamerbaselocalstructure.sty
(/usr/share/texlive/texmf-dist/tex/latex/tools/enumerate.sty
Package: enumerate 2023/07/04 v3.00 enumerate extensions (DPC)
\@enLab=\toks34
)
\beamer@bibiconwidth=\skip56
\c@figure=\count320
\c@table=\count321
\abovecaptionskip=\skip57
\belowcaptionskip=\skip58
)
(/usr/share/texlive/texmf-dist/tex/latex/beamer/beamerbasenavigation.sty
(/usr/share/texlive/texmf-dist/tex/latex/beamer/beamerbasenavigationsymbols.tex
)
\beamer@section@min@dim=\dimen282
) (/usr/share/texlive/texmf-dist/tex/latex/beamer/beamerbasetheorems.sty
(/usr/share/texlive/texmf-dist/tex/latex/amsmath/amsmath.sty
Package: amsmath 2023/05/13 v2.17o AMS math features
\@mathmargin=\skip59

For additional information on amsmath, use the `?' option.
(/usr/share/texlive/texmf-dist/tex/latex/amsmath/amstext.sty
Package: amstext 2021/08/26 v2.01 AMS text

(/usr/share/texlive/texmf-dist/tex/latex/amsmath/amsgen.sty
File: amsgen.sty 1999/11/30 v2.0 generic functions
\@emptytoks=\toks35
\ex@=\dimen283
))
(/usr/share/texlive/texmf-dist/tex/latex/amsmath/amsbsy.sty
Package: amsbsy 1999/11/29 v1.2d Bold Symbols
\pmbraise@=\dimen284
)
(/usr/share/texlive/texmf-dist/tex/latex/amsmath/amsopn.sty
Package: amsopn 2022/04/08 v2.04 operator names
)
\inf@bad=\count322
LaTeX Info: Redefining \frac on input line 234.
\uproot@=\count323
\leftroot@=\count324
LaTeX Info: Redefining \overline on input line 399.
LaTeX Info: Redefining \colon on input line 410.
\classnum@=\count325
\DOTSCASE@=\count326
LaTeX Info: Redefining \ldots on input line 496.
LaTeX Info: Redefining \dots on input line 499.
LaTeX Info: Redefining \cdots on input line 620.
\Mathstrutbox@=\box75
\strutbox@=\box76
LaTeX Info: Redefining \big on input line 722.
LaTeX Info: Redefining \Big on input line 723.
LaTeX Info: Redefining \bigg on input line 724.
LaTeX Info: Redefining \Bigg on input line 725.
\big@size=\dimen285
LaTeX Font Info:    Redeclaring font encoding OML on input line 743.
LaTeX Font Info:    Redeclaring font encoding OMS on input line 744.
\macc@depth=\count327
LaTeX Info: Redefining \bmod on input line 905.
LaTeX Info: Redefining \pmod on input line 910.
LaTeX Info: Redefining \smash on input line 940.
LaTeX Info: Redefining \relbar on input line 970.
LaTeX Info: Redefining \Relbar on input line 971.
\c@MaxMatrixCols=\count328
\dotsspace@=\muskip17
\c@parentequation=\count329
\dspbrk@lvl=\count330
\tag@help=\toks36
\row@=\count331
\column@=\count332
\maxfields@=\count333
\andhelp@=\toks37
\eqnshift@=\dimen286
\alignsep@=\dimen287
\tagshift@=\dimen288
\tagwidth@=\dimen289
\totwidth@=\dimen290
\lineht@=\dimen291
\@envbody=\toks38
\multlinegap=\skip60
\multlinetaggap=\skip61
\mathdisplay@stack=\toks39
LaTeX Info: Redefining \[ on input line 2953.
LaTeX Info: Redefining \] on input line 2954.
)
(/usr/share/texlive/texmf-dist/tex/latex/amscls/amsthm.sty
Package: amsthm 2020/05/29 v2.20.6
\thm@style=\toks40
\thm@bodyfont=\toks41
\thm@headfont=\toks42
\thm@notefont=\toks43
\thm@headpunct=\toks44
\thm@preskip=\skip62
\thm@postskip=\skip63
\thm@headsep=\skip64
\dth@everypar=\toks45
)
\c@theorem=\count334
)
(/usr/share/texlive/texmf-dist/tex/latex/beamer/beamerbasethemes.sty))
(/usr/share/texlive/texmf-dist/tex/latex/beamer/beamerthemedefault.sty
(/usr/share/texlive/texmf-dist/tex/latex/beamer/beamerfontthemedefault.sty)
(/usr/share/texlive/texmf-dist/tex/latex/beamer/beamercolorthemedefault.sty)
(/usr/share/texlive/texmf-dist/tex/latex/beamer/beamerinnerthemedefault.sty
\beamer@dima=\dimen292
\beamer@dimb=\dimen293
)
(/usr/share/texlive/texmf-dist/tex/latex/beamer/beamerouterthemedefault.sty)))
(/usr/share/texlive/texmf-dist/tex/latex/animate/animate.sty
Package: animate 2023/06/18 PDF & SVG animations from files and inline graphics


(/usr/share/texlive/texmf-dist/tex/latex/base/ifthen.sty
Package: ifthen 2022/04/13 v1.1d Standard LaTeX ifthen package (DPC)
)
(/usr/share/texlive/texmf-dist/tex/latex/oberdiek/ifdraft.sty
Package: ifdraft 2016/05/16 v1.4 Detect class options draft and final (HO)
)
(/usr/share/texlive/texmf-dist/tex/latex/tools/calc.sty
Package: calc 2023/07/08 v4.3 Infix arithmetic (KKT,FJ)
\calc@Acount=\count335
\calc@Bcount=\count336
\calc@Adimen=\dimen294
\calc@Bdimen=\dimen295
\calc@Askip=\skip65
\calc@Bskip=\skip66
LaTeX Info: Redefining \setlength on input line 80.
LaTeX Info: Redefining \addtolength on input line 81.
\calc@Ccount=\count337
\calc@Cskip=\skip67
)
(/usr/share/texlive/texmf-dist/tex/latex/media9/pdfbase.sty
Package: pdfbase 2022/08/04 v0.55 driver independent access to low-level PDF fe
atures

(/usr/share/texlive/texmf-dist/tex/latex/l3backend/l3backend-xetex.def
File: l3backend-xetex.def 2024-01-04 L3 backend support: XeTeX
\g__graphics_track_int=\count338
\l__pdf_internal_box=\box77
\g__pdf_backend_object_int=\count339
\g__pdf_backend_annotation_int=\count340
\g__pdf_backend_link_int=\count341
)
\g_pbs_page_int=\count342
\g_pbs_obj_int=\count343
\g_pbs_oc_int=\count344
)
(/usr/share/texlive/texmf-dist/tex/latex/zref/zref-abspage.sty
Package: zref-abspage 2023-09-14 v2.35 Module abspage for zref (HO)

(/usr/share/texlive/texmf-dist/tex/latex/zref/zref-base.sty
Package: zref-base 2023-09-14 v2.35 Module base for zref (HO)

(/usr/share/texlive/texmf-dist/tex/generic/etexcmds/etexcmds.sty
Package: etexcmds 2019/12/15 v1.7 Avoid name clashes with e-TeX commands (HO)
)
Package zref Info: New property list: main on input line 767.
Package zref Info: New property: default on input line 768.
Package zref Info: New property: page on input line 769.
)
\c@abspage=\count345
Package zref Info: New property: abspage on input line 67.
)
(/usr/share/texlive/texmf-dist/tex/latex/ocgx2/ocgbase.sty
Package: ocgbase 2022/08/04 v0.22 support package for ocgx2.sty
\g_ocgbase_nd_int=\count346
)
\@anim@box=\box78
\@anim@measbox=\box79
\@anim@tmpdima=\dimen296
\@anim@tmpdimb=\dimen297
\@anim@num=\count347
\@anim@curframe=\count348
\@anim@curframe@zb=\count349
\@anim@resizeflags=\count350
\@anim@skipfram=\count351
\@anim@mulframecnt=\count352
\@anim@@tmlnfile=\read3
\@anim@tmpcnt=\count353
\c@@anim@ltxcnt=\count354
\@anim@curlayer=\count355
\@anim@lineno=\count356
\@anim@curfield=\count357
\@anim@@resizeflags=\count358
)
(./beamerthemeStarkville.sty
(/usr/share/texlive/texmf-dist/tex/latex/graphics/dvipsnam.def
File: dvipsnam.def 2016/06/17 v3.0m Driver-dependent file (DPC,SPQR)
)
(/usr/share/texlive/texmf-dist/tex/latex/anyfontsize/anyfontsize.sty
Invalid UTF-8 byte or sequence at line 3 replaced by U+FFFD.
Invalid UTF-8 byte or sequence at line 3 replaced by U+FFFD.
Package: anyfontsize 2007/11/22 anyfontsize.sty by pts
)
(/usr/share/texlive/texmf-dist/tex/latex/beamer/beamerfontthemeserif.sty)
\beamer@sidebarwidth=\dimen298
\beamer@headheight=\dimen299

(/usr/share/texlive/texmf-dist/tex/latex/beamer/beamerinnerthemerounded.sty)
(/usr/share/texlive/texmf-dist/tex/latex/beamer/beamercolorthemewhale.sty))
(/usr/share/texlive/texmf-dist/tex/latex/caption/caption.sty
Package: caption 2023/08/05 v3.6o Customizing captions (AR)

(/usr/share/texlive/texmf-dist/tex/latex/caption/caption3.sty
Package: caption3 2023/07/31 v2.4d caption3 kernel (AR)
\caption@tempdima=\dimen300
\captionmargin=\dimen301
\caption@leftmargin=\dimen302
\caption@rightmargin=\dimen303
\caption@width=\dimen304
\caption@indent=\dimen305
\caption@parindent=\dimen306
\caption@hangindent=\dimen307
Package caption Info: beamer document class detected.

(/usr/share/texlive/texmf-dist/tex/latex/caption/caption-beamer.sto
File: caption-beamer.sto 2022/01/06 v2.0c Adaption of the caption package to th
e beamer document classes (AR)
))
\c@caption@flags=\count359
\c@continuedfloat=\count360
Package caption Info: hyperref package is loaded.
Package caption Info: Hyperref support is turned off
(caption)             because hyperref has stopped early.
)
(./example_presentation.aux)
\openout1 = `example_presentation.aux'.

LaTeX Font Info:    Checking defaults for OML/cmm/m/it on input line 22.
LaTeX Font Info:    ... okay on input line 22.
LaTeX Font Info:    Checking defaults for OMS/cmsy/m/n on input line 22.
LaTeX Font Info:    ... okay on input line 22.
LaTeX Font Info:    Checking defaults for OT1/cmr/m/n on input line 22.
LaTeX Font Info:    ... okay on input line 22.
LaTeX Font Info:    Checking defaults for T1/cmr/m/n on input line 22.
LaTeX Font Info:    ... okay on input line 22.
LaTeX Font Info:    Checking defaults for TS1/cmr/m/n on input line 22.
LaTeX Font Info:    Trying to load font information for TS1+cmr on input line 2
2.

(/usr/share/texlive/texmf-dist/tex/latex/base/ts1cmr.fd
File: ts1cmr.fd 2023/04/13 v2.5m Standard LaTeX font definitions
)
LaTeX Font Info:    ... okay on input line 22.
LaTeX Font Info:    Checking defaults for TU/lmr/m/n on input line 22.
LaTeX Font Info:    ... okay on input line 22.
LaTeX Font Info:    Checking defaults for OMX/cmex/m/n on input line 22.
LaTeX Font Info:    ... okay on input line 22.
LaTeX Font Info:    Checking defaults for U/cmr/m/n on input line 22.
LaTeX Font Info:    ... okay on input line 22.
LaTeX Font Info:    Checking defaults for PD1/pdf/m/n on input line 22.
LaTeX Font Info:    ... okay on input line 22.
LaTeX Font Info:    Checking defaults for PU/pdf/m/n on input line 22.
LaTeX Font Info:    ... okay on input line 22.

*geometry* driver: auto-detecting
*geometry* detected driver: xetex
*geometry* verbose mode - [ preamble ] result:
* driver: xetex
* paper: custom
* layout: <same size as paper>
* layoutoffset:(h,v)=(0.0pt,0.0pt)
* modes: includehead includefoot 
* h-part:(L,W,R)=(14.22636pt, 363.79135pt, 77.22636pt)
* v-part:(T,H,B)=(0.0pt, 256.0748pt, 0.0pt)
* \paperwidth=455.24408pt
* \paperheight=256.0748pt
* \textwidth=363.79135pt
* \textheight=227.62207pt
* \oddsidemargin=-58.04362pt
* \evensidemargin=-58.04362pt
* \topmargin=-72.26999pt
* \headheight=14.22636pt
* \headsep=0.0pt
* \topskip=11.0pt
* \footskip=14.22636pt
* \marginparwidth=4.0pt
* \marginparsep=10.0pt
* \columnsep=10.0pt
* \skip\footins=10.0pt plus 4.0pt minus 2.0pt
* \hoffset=0.0pt
* \voffset=0.0pt
* \mag=1000
* \@twocolumnfalse
* \@twosidefalse
* \@mparswitchfalse
* \@reversemarginfalse
* (1in=72.27pt=25.4mm, 1cm=28.453pt)

Package hyperref Info: Link coloring OFF on input line 22.
(./example_presentation.out) (./example_presentation.out)
\@outlinefile=\write5
\openout5 = `example_presentation.out'.



Package hyperref Warning: Rerun to get /PageLabels entry.

\symnumbers=\mathgroup6
\sympureletters=\mathgroup7
LaTeX Font Info:    Overwriting math alphabet `\mathrm' in version `normal'
(Font)                  OT1/cmr/m/n --> TU/lmr/m/n on input line 22.
LaTeX Font Info:    Redeclaring math alphabet \mathbf on input line 22.
LaTeX Font Info:    Overwriting math alphabet `\mathbf' in version `normal'
(Font)                  OT1/cmr/bx/n --> TU/lmr/b/n on input line 22.
LaTeX Font Info:    Overwriting math alphabet `\mathbf' in version `bold'
(Font)                  OT1/cmr/bx/n --> TU/lmr/b/n on input line 22.
LaTeX Font Info:    Redeclaring math alronment-dictionary-English.dict
Dictionary: translator-environment-dictionary, Language: English 
) (/usr/share/texlive/texmf-dist/tex/latex/translator/translator-months-dictionary-English.dict
Dictionary: translator-months-dictionary, Language: English 
) (/usr/share/texlive/texmf-dist/tex/latex/translator/translator-numbers-dictionary-English.dict
Dictionary: translator-numbers-dictionary, Language: English 
) (/usr/share/texlive/texmf-dist/tex/latex/translator/translator-theorem-dictionary-English.dict
Dictionary: translator-theorem-dictionary, Language: English 
)
Package caption Info: Begin \AtBeginDocument code.
Package caption Info: End \AtBeginDocument code.
 (./example_presentation.nav)
<images/Logo_Swinburne_Landscape.png, id=65, 4015.0pt x 2007.5pt>
File: images/Logo_Swinburne_Landscape.png Graphic file (type png)
<use images/Logo_Swinburne_Landscape.png>
Package pdftex.def Info: images/Logo_Swinburne_Landscape.png  used on input line 22.
(pdftex.def)             Requested size: 63.0pt x 31.48962pt.
File: images/Logo_Swinburne_Landscape.png Graphic file (type png)
<use images/Logo_Swinburne_Landscape.png>
Package pdftex.def Info: images/Logo_Swinburne_Landscape.png  used on input line 30.
(pdftex.def)             Requested size: 63.0pt x 31.48962pt.
<images/gcerlogo.png, id=79, 654.94687pt x 487.8225pt>
File: images/gcerlogo.png Graphic file (type png)
<use images/gcerlogo.png>
Package pdftex.def Info: images/gcerlogo.png  used on input line 30.
(pdftex.def)             Requested size: 14.22636pt x 10.59218pt.
LaTeX Font Info:    Trying to load font information for U+msa on input line 30.
 (/usr/share/texlive/texmf-dist/tex/latex/amsfonts/umsa.fd
File: umsa.fd 2013/01/14 v3.01 AMS symbols A
)
LaTeX Font Info:    Trying to load font information for U+msb on input line 30.
 (/usr/share/texlive/texmf-dist/tex/latex/amsfonts/umsb.fd
File: umsb.fd 2013/01/14 v3.01 AMS symbols B
)
File: images/Logo_Swinburne_Landscape.png Graphic file (type png)
<use images/Logo_Swinburne_Landscape.png>
Package pdftex.def Info: images/Logo_Swinburne_Landscape.png  used on input line 30.
(pdftex.def)             Requested size: 63.0pt x 31.48962pt.
 [1{/var/lib/texmf/fonts/map/pdftex/updmap/pdftex.map}

 <./images/Logo_Swinburne_Landscape.png> <./images/gcerlogo.png>]
File: images/Logo_Swinburne_Landscape.png Graphic file (type png)
<use images/Logo_Swinburne_Landscape.png>
Package pdftex.def Info: images/Logo_Swinburne_Landscape.png  used on input line 34.
(pdftex.def)             Requested size: 63.0pt x 31.48962pt.
 (./example_presentation.toc)
File: images/Logo_Swinburne_Landscape.png Graphic file (type png)
<use images/Logo_Swinburne_Landscape.png>
Package pdftex.def Info: images/Logo_Swinburne_Landscape.png  used on input line 34.
(pdftex.def)             Requested size: 63.0pt x 31.48962pt.
 [2

]
File: images/Logo_Swinburne_Landscape.png Graphic file (type png)
<use images/Logo_Swinburne_Landscape.png>
Package pdftex.def Info: images/Logo_Swinburne_Landscape.png  used on input line 63.
(pdftex.def)             Requested size: 63.0pt x 31.48962pt.
<images/bully.jpg, id=203, 1606.0pt x 1003.75pt>
File: images/bully.jpg Graphic file (type jpg)
<use images/bully.jpg>
Package pdftex.def Info: images/bully.jpg  used on input line 63.
(pdftex.def)             Requested size: 145.51431pt x 90.94624pt.
File: images/Logo_Swinburne_Landscape.png Graphic file (type png)
<use images/Logo_Swinburne_Landscape.png>
Package pdftex.def Info: images/Logo_Swinburne_Landscape.png  used on input line 63.
(pdftex.def)             Requested size: 63.0pt x 31.48962pt.
 [3

 <./images/bully.jpg>]
File: images/Logo_Swinburne_Landscape.png Graphic file (type png)
<use images/Logo_Swinburne_Landscape.png>
Package pdftex.def Info: images/Logo_Swinburne_Landscape.png  used on input line 81.
(pdftex.def)             Requested size: 63.0pt x 31.48962pt.
File: images/Logo_Swinburne_Landscape.png Graphic file (type png)
<use images/Logo_Swinburne_Landscape.png>
Package pdftex.def Info: images/Logo_Swinburne_Landscape.png  used on input line 81.
(pdftex.def)             Requested size: 63.0pt x 31.48962pt.
 [4

]
File: images/Logo_Swinburne_Landscape.png Graphic file (type png)
<use images/Logo_Swinburne_Landscape.png>
Package pdftex.def Info: images/Logo_Swinburne_Landscape.png  used on input line 99.
(pdftex.def)             Requested size: 63.0pt x 31.48962pt.
File: images/Logo_Swinburne_Landscape.png Graphic file (type png)
<use images/Logo_Swinburne_Landscape.png>
Package pdftex.def Info: images/Logo_Swinburne_Landscape.png  used on input line 99.
(pdftex.def)             Requested size: 63.0pt x 31.48962pt.
 [5

]
File: images/Logo_Swinburne_Landscape.png Graphic file (type png)
<use images/Logo_Swinburne_Landscape.png>
Package pdftex.def Info: images/Logo_Swinburne_Landscape.png  used on input line 119.
(pdftex.def)             Requested size: 63.0pt x 31.48962pt.
File: images/Logo_Swinburne_Landscape.png Graphic file (type png)
<use images/Logo_Swinburne_Landscape.png>
Package pdftex.def Info: images/Logo_Swinburne_Landscape.png  used on input line 119.
(pdftex.def)             Requested size: 63.0pt x 31.48962pt.
 [6

]
File: images/Logo_Swinburne_Landscape.png Graphic file (type png)
<use images/Logo_Swinburne_Landscape.png>
Package pdftex.def Info: images/Logo_Swinburne_Landscape.png  used on input line 129.
(pdftex.def)             Requested size: 63.0pt x 31.48962pt.
<images/Simulation_Architecture.png, id=394, 781.9614pt x 450.2421pt>
File: images/Simulation_Architecture.png Graphic file (type png)
<use images/Simulation_Architecture.png>
Package pdftex.def Info: images/Simulation_Architecture.png  used on input line 129.
(pdftex.def)             Requested size: 72.75716pt x 41.88719pt.
File: images/Logo_Swinburne_Landscape.png Graphic file (type png)
<use images/Logo_Swinburne_Landscape.png>
Package pdftex.def Info: images/Logo_Swinburne_Landscape.png  used on input line 129.
(pdftex.def)             Requested size: 63.0pt x 31.48962pt.
 [7

 <./images/Simulation_Architecture.png>]
File: images/Logo_Swinburne_Landscape.png Graphic file (type png)
<use images/Logo_Swinburne_Landscape.png>
Package pdftex.def Info: images/Logo_Swinburne_Landscape.png  used on input line 155.
(pdftex.def)             Requested size: 63.0pt x 31.48962pt.
<images/uml_state_diagram.png, id=436, 687.2877pt x 362.0727pt>
File: images/uml_state_diagram.png Graphic file (type png)
<use images/uml_state_diagram.png>
Package pdftex.def Info: images/uml_state_diagram.png  used on input line 155.
(pdftex.def)             Requested size: 327.40999pt x 172.48354pt.

Overfull \vbox (97.91077pt too high) detected at line 155
 []

File: images/Logo_Swinburne_Landscape.png Graphic file (type png)
<use images/Logo_Swinburne_Landscape.png>
Package pdftex.def Info: images/Logo_Swinburne_Landscape.png  used on input line 155.
(pdftex.def)             Requested size: 63.0pt x 31.48962pt.
[8

 <./images/uml_state_diagram.png>]
File: images/Logo_Swinburne_Landscape.png Graphic file (type png)
<use images/Logo_Swinburne_Landscape.png>
Package pdftex.def Info: images/Logo_Swinburne_Landscape.png  used on input line 218.
(pdftex.def)             Requested size: 63.0pt x 31.48962pt.
<images/jazzy-small.png, id=477, 54.2025pt x 49.50494pt>
File: images/jazzy-small.png Graphic file (type png)
<use images/jazzy-small.png>
Package pdftex.def Info: images/jazzy-small.png  used on input line 218.
(pdftex.def)             Requested size: 49.11198pt x 44.85768pt.
<images/qt_logo.png, id=478, 224.84pt x 160.6pt>
File: images/qt_logo.png Graphic file (type png)
<use images/qt_logo.png>
Package pdftex.def Info: images/qt_logo.png  used on input line 218.
(pdftex.def)             Requested size: 16.37149pt x 11.69159pt.
<images/gazebo_logo.png, id=479, 301.125pt x 301.125pt>
File: images/gazebo_logo.png Graphic file (type png)
<use images/gazebo_logo.png>
Package pdftex.def Info: images/gazebo_logo.png  used on input line 218.
(pdftex.def)             Requested size: 3.63835pt x 3.63448pt.

Overfull \hbox (14.14662pt too wide) in paragraph at lines 218--218
\OT1/cmr/m/n/7 Physics- 
 []


Overfull \hbox (5.06186pt too wide) in paragraph at lines 218--218
\OT1/cmr/m/n/7 based 
 []


Overfull \hbox (8.18687pt too wide) in paragraph at lines 218--218
\OT1/cmr/m/n/7 Sensor 
 []


Overfull \hbox (3.40073pt too wide) in paragraph at lines 218--218
\OT1/cmr/m/n/7 mod- 
 []


Overfull \hbox (1.03267pt too wide) in paragraph at lines 218--218
\OT1/cmr/m/n/7 with 
 []


Overfull \hbox (2.90907pt too wide) in paragraph at lines 218--218
\OT1/cmr/m/n/7 noise  
 []


Overfull \hbox (7.05351pt too wide) in paragraph at lines 218--218
\OT1/cmr/m/n/7 Robot 
 []


Overfull \hbox (6.52574pt too wide) in paragraph at lines 218--218
\OT1/cmr/m/n/7 model 
 []


Overfull \hbox (12.49245pt too wide) in paragraph at lines 218--218
\OT1/cmr/m/n/7 Custom 
 []


Overfull \hbox (2.97017pt too wide) in paragraph at lines 218--218
\OT1/cmr/m/n/7 ment 
 []


Overfull \hbox (3.29657pt too wide) in paragraph at lines 218--218
\OT1/cmr/m/n/7 ation  
 []

File: images/jazzy-small.png Graphic file (type png)
<use images/jazzy-small.png>
Package pdftex.def Info: images/jazzy-small.png  used on input line 218.
(pdftex.def)             Requested size: 3.63835pt x 3.32292pt.

Overfull \hbox (3.82434pt too wide) in paragraph at lines 218--218
\OT1/cmr/m/n/7 Real- 
 []


Overfull \hbox (1.03267pt too wide) in paragraph at lines 218--218
\OT1/cmr/m/n/7 time 
 []


Overfull \hbox (14.16466pt too wide) in paragraph at lines 218--218
\OT1/cmr/m/n/7 Encoder 
 []


Overfull \hbox (1.66046pt too wide) in paragraph at lines 218--218
\OT1/cmr/m/n/7 cess- 
 []


Overfull \hbox (5.12991pt too wide) in paragraph at lines 218--218
\OT1/cmr/m/n/7 Serial 
 []


Overfull \hbox (2.32434pt too wide) in paragraph at lines 218--218
\OT1/cmr/m/n/7 com- 
 []


Overfull \hbox (1.50493pt too wide) in paragraph at lines 218--218
\OT1/cmr/m/n/7 IMU 
 []


Overfull \vbox (500.7752pt too high) detected at line 218
 []

File: images/Logo_Swinburne_Landscape.png Graphic file (type png)
<use images/Logo_Swinburne_Landscape.png>
Package pdftex.def Info: images/Logo_Swinburne_Landscape.png  used on input line 218.
(pdftex.def)             Requested size: 63.0pt x 31.48962pt.
[9

 <./images/jazzy-small.png> <./images/qt_logo.png> <./images/gazebo_logo.png>]
File: images/Logo_Swinburne_Landscape.png Graphic file (type png)
<use images/Logo_Swinburne_Landscape.png>
Package pdftex.def Info: images/Logo_Swinburne_Landscape.png  used on input line 264.
(pdftex.def)             Requested size: 63.0pt x 31.48962pt.
<images/uml_class_diagram.png, id=523, 622.2447pt x 535.5207pt>
File: images/uml_class_diagram.png Graphic file (type png)
<use images/uml_class_diagram.png>
Package pdftex.def Info: images/uml_class_diagram.png  used on input line 264.
(pdftex.def)             Requested size: 145.51431pt x 125.23453pt.

Overfull \vbox (100.40778pt too high) detected at line 264
 []

File: images/Logo_Swinburne_Landscape.png Graphic file (type png)
<use images/Logo_Swinburne_Landscape.png>
Package pdftex.def Info: images/Logo_Swinburne_Landscape.png  used on input line 264.
(pdftex.def)             Requested size: 63.0pt x 31.48962pt.
[10

 <./images/uml_class_diagram.png>]
File: images/Logo_Swinburne_Landscape.png Graphic file (type png)
<use images/Logo_Swinburne_Landscape.png>
Package pdftex.def Info: images/Logo_Swinburne_Landscape.png  used on input line 310.
(pdftex.def)             Requested size: 63.0pt x 31.48962pt.
<images/uml_event_flow.png, id=564, 665.6067pt x 506.6127pt>
File: images/uml_event_flow.png Graphic file (type png)
<use images/uml_event_flow.png>
Package pdftex.def Info: images/uml_event_flow.png  used on input line 310.
(pdftex.def)             Requested size: 163.70499pt x 124.5966pt.
File: images/uml_state_diagram.png Graphic file (type png)
<use images/uml_state_diagram.png>
Package pdftex.def Info: images/uml_state_diagram.png  used on input line 310.
(pdftex.def)             Requested size: 163.70499pt x 86.24176pt.

Overfull \vbox (66.70428pt too high) detected at line 310
 []

File: images/Logo_Swinburne_Landscape.png Graphic file (type png)
<use images/Logo_Swinburne_Landscape.png>
Package pdn_frames/frame-024.png>
 <a0,fr24>
File: animation_frames/frame-025.png Graphic file (type bmp)
<animation_frames/frame-025.png>
 <a0,fr25>
File: animation_frames/frame-026.png Graphic file (type bmp)
<animation_frames/frame-026.png>
 <a0,fr26>
File: animation_frames/frame-027.png Graphic file (type bmp)
<animation_frames/frame-027.png>
 <a0,fr27>
File: animation_frames/frame-028.png Graphic file (type bmp)
<animation_frames/frame-028.png>
 <a0,fr28>
File: animation_frames/frame-029.png Graphic file (type bmp)
<animation_frames/frame-029.png>
 <a0,fr29>
File: animation_frames/frame-030.png Graphic file (type bmp)
<animation_frames/frame-030.png>

<a0,fr30>
File: animation_frames/frame-031.png Graphic file (type bmp)
<animation_frames/frame-031.png>
 <a0,fr31>
File: animation_frames/frame-032.png Graphic file (type bmp)
<animation_frames/frame-032.png>
 <a0,fr32>
File: animation_frames/frame-033.png Graphic file (type bmp)
<animation_frames/frame-033.png>
 <a0,fr33>
File: animation_frames/frame-034.png Graphic file (type bmp)
<animation_frames/frame-034.png>
 <a0,fr34>
File: animation_frames/frame-035.png Graphic file (type bmp)
<animation_frames/frame-035.png>
 <a0,fr35>
File: animation_frames/frame-036.png Graphic file (type bmp)
<animation_frames/frame-036.png>
 <a0,fr36>
File: animation_frames/frame-037.png Graphic file (type bmp)
<animation_frames/frame-037.png>

<a0,fr37>
File: animation_frames/frame-038.png Graphic file (type bmp)
<animation_frames/frame-038.png>
 <a0,fr38>
File: animation_frames/frame-039.png Graphic file (type bmp)
<animation_frames/frame-039.png>
 <a0,fr39>
File: animation_frames/frame-040.png Graphic file (type bmp)
<animation_frames/frame-040.png>
 <a0,fr40>
File: animation_frames/frame-041.png Graphic file (type bmp)
<animation_frames/frame-041.png>
 <a0,fr41>
File: animation_frames/frame-042.png Graphic file (type bmp)
<animation_frames/frame-042.png>
 <a0,fr42>
File: animation_frames/frame-043.png Graphic file (type bmp)
<animation_frames/frame-043.png>
 <a0,fr43>
File: images/Logo_Swinburne_Landscape.png Graphic file (type bmp)
<images/Logo_Swinburne_Landscape.png>
 [14

]
File: images/Logo_Swinburne_Landscape.png Graphic file (type bmp)
<images/Logo_Swinburne_Landscape.png>
File: images/uml_state_diagram.png Graphic file (type bmp)
<images/uml_state_diagram.png>
File: images/Logo_Swinburne_Landscape.png Graphic file (type bmp)
<images/Logo_Swinburne_Landscape.png>

[15

]
File: images/Logo_Swinburne_Landscape.png Graphic file (type bmp)
<images/Logo_Swinburne_Landscape.png>
File: images/uml_composite_structure_saved.png Graphic file (type bmp)
<images/uml_composite_structure_saved.png>
File: images/Logo_Swinburne_Landscape.png Graphic file (type bmp)
<images/Logo_Swinburne_Landscape.png>
 [16

]
File: images/Logo_Swinburne_Landscape.png Graphic file (type bmp)
<images/Logo_Swinburne_Landscape.png>
File: images/uml_event_flow.png Graphic file (type bmp)
<images/uml_event_flow.png>

Overfull \vbox (35.9943pt too high) detected at line 494
 []

File: images/Logo_Swinburne_Landscape.png Graphic file (type bmp)
<images/Logo_Swinburne_Landscape.png>
[17

]
File: images/Logo_Swinburne_Landscape.png Graphic file (type bmp)
<images/Logo_Swinburne_Landscape.png>
File: images/nav_feedback_waypoints.png Graphic file (type bmp)
<images/nav_feedback_waypoints.png>
File: images/Logo_Swinburne_Landscape.png Graphic file (type bmp)
<images/Logo_Swinburne_Landscape.png>
 [18

]
File: images/Logo_Swinburne_Landscape.png Graphic file (type bmp)
<images/Logo_Swinburne_Landscape.png>
File: images/Logo_Swinburne_Landscape.png Graphic file (type bmp)
<images/Logo_Swinburne_Landscape.png>
 [19

]
File: images/Logo_Swinburne_Landscape.png Graphic file (type bmp)
<images/Logo_Swinburne_Landscape.png>
File: images/joystick_control.png Graphic file (type bmp)
<images/joystick_control.png>
File: images/Logo_Swinburne_Landscape.png Graphic file (type bmp)
<images/Logo_Swinburne_Landscape.png>
 [20

]
File: images/Logo_Swinburne_Landscape.png Graphic file (type bmp)
<images/Logo_Swinburne_Landscape.png>
File: images/Logo_Swinburne_Landscape.png Graphic file (type bmp)
<images/Logo_Swinburne_Landscape.png>
 [21

]
File: images/Logo_Swinburne_Landscape.png Graphic file (type bmp)
<images/Logo_Swinburne_Landscape.png>
File: images/mapclick_flowchart.png Graphic file (type bmp)
<images/mapclick_flowchart.png>
File: images/Logo_Swinburne_Landscape.png Graphic file (type bmp)
<images/Logo_Swinburne_Landscape.png>
 [22

]
File: images/Logo_Swinburne_Landscape.png Graphic file (type bmp)
<images/Logo_Swinburne_Landscape.png>
File: images/Logo_Swinburne_Landscape.png Graphic file (type bmp)
<images/Logo_Swinburne_Landscape.png>
 [23

]
File: images/Logo_Swinburne_Landscape.png Graphic file (type bmp)
<images/Logo_Swinburne_Landscape.png>
File: images/Logo_Swinburne_Landscape.png Graphic file (type bmp)
<images/Logo_Swinburne_Landscape.png>
 [24

]
\tf@nav=\write6
\openout6 = `example_presentation.nav'.

\tf@toc=\write7
\openout7 = `example_presentation.toc'.

\tf@snm=\write8
\openout8 = `example_presentation.snm'.

 [25] (./example_presentation.aux)
Runaway argument?
{\headcommand {\beamer@framepages {{toc}{\beamer@sectionintoc {8}{Man\ETC.
! File ended while scanning use of \@writefile.
<inserted text> 
                \par 
l.652 \end{document}
                    
I suspect you have forgotten a `}', causing me
to read past where you wanted me to stop.
I'll try to recover; but if the error is serious,
you'd better type `E' or `X' now and fix your file.

 ***********
LaTeX2e <2023-11-01> patch level 1
L3 programming layer <2024-01-22>
 ***********

LaTeX Warning: Temporary extra page added at the end. Rerun to get it removed.


Package rerunfilecheck Warning: File `example_presentation.out' has changed.
(rerunfilecheck)                Rerun to get outlines right
(rerunfilecheck)                or use package `bookmark'.

Package rerunfilecheck Info: Checksums for `example_presentation.out':
(rerunfilecheck)             Before: D41D8CD98F00B204E9800998ECF8427E;0
(rerunfilecheck)             After:  CCCB5FAA2860B283285CC759DB8C4B72;1575.
 ) 
Here is how much of TeX's memory you used:
 25642 strings out of 474878
 518277 string characters out of 5762516
 1942627 words of memory out of 5000000
 47095 multiletter control sequences out of 15000+600000
 566529 words of font info for 95 fonts, out of 8000000 for 9000
 1348 hyphenation exceptions out of 8191
 128i,17n,123p,2460b,926s stack positions out of 10000i,1000n,20000p,200000b,200000s

Output written on example_presentation.pdf (25 pages).
frame-012.png  used on input line 432.
(pdftex.def)             Requested size: 481.79881pt x 481.79881pt.
 <./animation_frames/frame-012.png> <a0,fr12>
<animation_frames/frame-013.png, id=746, 481.8pt x 481.8pt>
File: animation_frames/frame-013.png Graphic file (type png)
<use animation_frames/frame-013.png>
Package pdftex.def Info: animation_frames/frame-013.png  used on input line 432.
(pdftex.def)             Requested size: 481.79881pt x 481.79881pt.
 <./animation_frames/frame-013.png> <a0,fr13>
<animation_frames/frame-014.png, id=750, 481.8pt x 481.8pt>
File: animation_frames/frame-014.png Graphic file (type png)
<use animation_frames/frame-014.png>
Package pdftex.def Info: animation_frames/frame-014.png  used on input line 432.
(pdftex.def)             Requested size: 481.79881pt x 481.79881pt.
 <./animation_frames/frame-014.png> <a0,fr14>
<animation_frames/frame-015.png, id=754, 481.8pt x 481.8pt>
File: animation_frames/frame-015.png Graphic file (type png)
<use animation_frames/frame-015.png>
Package pdftex.def Info: animation_frames/frame-015.png  used on input line 432.
(pdftex.def)             Requested size: 481.79881pt x 481.79881pt.
 <./animation_frames/frame-015.png> <a0,fr15>
<animation_frames/frame-016.png, id=758, 481.8pt x 481.8pt>
File: animation_frames/frame-016.png Graphic file (type png)
<use animation_frames/frame-016.png>
Package pdftex.def Info: animation_frames/frame-016.png  used on input line 432.
(pdftex.def)             Requested size: 481.79881pt x 481.79881pt.
 <./animation_frames/frame-016.png> <a0,fr16>
<animation_frames/frame-017.png, id=762, 481.8pt x 481.8pt>
File: animation_frames/frame-017.png Graphic file (type png)
<use animation_frames/frame-017.png>
Package pdftex.def Info: animation_frames/frame-017.png  used on input line 432.
(pdftex.def)             Requested size: 481.79881pt x 481.79881pt.
 <./animation_frames/frame-017.png> <a0,fr17>
<animation_frames/frame-018.png, id=766, 481.8pt x 481.8pt>
File: animation_frames/frame-018.png Graphic file (type png)
<use animation_frames/frame-018.png>
Package pdftex.def Info: animation_frames/frame-018.png  used on input line 432.
(pdftex.def)             Requested size: 481.79881pt x 481.79881pt.
 <./animation_frames/frame-018.png> <a0,fr18>
<animation_frames/frame-019.png, id=770, 481.8pt x 481.8pt>
File: animation_frames/frame-019.png Graphic file (type png)
<use animation_frames/frame-019.png>
Package pdftex.def Info: animation_frames/frame-019.png  used on input line 432.
(pdftex.def)             Requested size: 481.79881pt x 481.79881pt.
 <./animation_frames/frame-019.png> <a0,fr19>
<animation_frames/frame-020.png, id=775, 481.8pt x 481.8pt>
File: animation_frames/frame-020.png Graphic file (type png)
<use animation_frames/frame-020.png>
Package pdftex.def Info: animation_frames/frame-020.png  used on input line 432.
(pdftex.def)             Requested size: 481.79881pt x 481.79881pt.
 <./animation_frames/frame-020.png> <a0,fr20>
<animation_frames/frame-021.png, id=779, 481.8pt x 481.8pt>
File: animation_frames/frame-021.png Graphic file (type png)
<use animation_frames/frame-021.png>
Package pdftex.def Info: animation_frames/frame-021.png  used on input line 432.
(pdftex.def)             Requested size: 481.79881pt x 481.79881pt.
 <./animation_frames/frame-021.png> <a0,fr21>
<animation_frames/frame-022.png, id=783, 481.8pt x 481.8pt>
File: animation_frames/frame-022.png Graphic file (type png)
<use animation_frames/frame-022.png>
Package pdftex.def Info: animation_frames/frame-022.png  used on input line 432.
(pdftex.def)             Requested size: 481.79881pt x 481.79881pt.
 <./animation_frames/frame-022.png> <a0,fr22>
<animation_frames/frame-023.png, id=787, 481.8pt x 481.8pt>
File: animation_frames/frame-023.png Graphic file (type png)
<use animation_frames/frame-023.png>
Package pdftex.def Info: animation_frames/frame-023.png  used on input line 432.
(pdftex.def)             Requested size: 481.79881pt x 481.79881pt.
 <./animation_frames/frame-023.png> <a0,fr23>
<animation_frames/frame-024.png, id=791, 481.8pt x 481.8pt>
File: animation_frames/frame-024.png Graphic file (type png)
<use animation_frames/frame-024.png>
Package pdftex.def Info: animation_frames/frame-024.png  used on input line 432.
(pdftex.def)             Requested size: 481.79881pt x 481.79881pt.
 <./animation_frames/frame-024.png> <a0,fr24>
<animation_frames/frame-025.png, id=795, 481.8pt x 481.8pt>
File: animation_frames/frame-025.png Graphic file (type png)
<use animation_frames/frame-025.png>
Package pdftex.def Info: animation_frames/frame-025.png  used on input line 432.
(pdftex.def)             Requested size: 481.79881pt x 481.79881pt.
 <./animation_frames/frame-025.png> <a0,fr25>
<animation_frames/frame-026.png, id=799, 481.8pt x 481.8pt>
File: animation_frames/frame-026.png Graphic file (type png)
<use animation_frames/frame-026.png>
Package pdftex.def Info: animation_frames/frame-026.png  used on input line 432.
(pdftex.def)             Requested size: 481.79881pt x 481.79881pt.
 <./animation_frames/frame-026.png> <a0,fr26>
<animation_frames/frame-027.png, id=803, 481.8pt x 481.8pt>
File: animation_frames/frame-027.png Graphic file (type png)
<use animation_frames/frame-027.png>
Package pdftex.def Info: animation_frames/frame-027.png  used on input line 432.
(pdftex.def)             Requested size: 481.79881pt x 481.79881pt.
 <./animation_frames/frame-027.png> <a0,fr27>
<animation_frames/frame-028.png, id=807, 481.8pt x 481.8pt>
File: animation_frames/frame-028.png Graphic file (type png)
<use animation_frames/frame-028.png>
Package pdftex.def Info: animation_frames/frame-028.png  used on input line 432.
(pdftex.def)             Requested size: 481.79881pt x 481.79881pt.
 <./animation_frames/frame-028.png> <a0,fr28>
<animation_frames/frame-029.png, id=811, 481.8pt x 481.8pt>
File: animation_frames/frame-029.png Graphic file (type png)
<use animation_frames/frame-029.png>
Package pdftex.def Info: animation_frames/frame-029.png  used on input line 432.
(pdftex.def)             Requested size: 481.79881pt x 481.79881pt.
 <./animation_frames/frame-029.png> <a0,fr29>
<animation_frames/frame-030.png, id=815, 481.8pt x 481.8pt>
File: animation_frames/frame-030.png Graphic file (type png)
<use animation_frames/frame-030.png>
Package pdftex.def Info: animation_frames/frame-030.png  used on input line 432.
(pdftex.def)             Requested size: 481.79881pt x 481.79881pt.
 <./animation_frames/frame-030.png> <a0,fr30>
<animation_frames/frame-031.png, id=819, 481.8pt x 481.8pt>
File: animation_frames/frame-031.png Graphic file (type png)
<use animation_frames/frame-031.png>
Package pdftex.def Info: animation_frames/frame-031.png  used on input line 432.
(pdftex.def)             Requested size: 481.79881pt x 481.79881pt.
 <./animation_frames/frame-031.png> <a0,fr31>
<animation_frames/frame-032.png, id=823, 481.8pt x 481.8pt>
File: animation_frames/frame-032.png Graphic file (type png)
<use animation_frames/frame-032.png>
Package pdftex.def Info: animation_frames/frame-032.png  used on input line 432.
(pdftex.def)             Requested size: 481.79881pt x 481.79881pt.
 <./animation_frames/frame-032.png> <a0,fr32>
<animation_frames/frame-033.png, id=827, 481.8pt x 481.8pt>
File: animation_frames/frame-033.png Graphic file (type png)
<use animation_frames/frame-033.png>
Package pdftex.def Info: animation_frames/frame-033.png  used on input line 432.
(pdftex.def)             Requested size: 481.79881pt x 481.79881pt.
 <./animation_frames/frame-033.png> <a0,fr33>
<animation_frames/frame-034.png, id=831, 481.8pt x 481.8pt>
File: animation_frames/frame-034.png Graphic file (type png)
<use animation_frames/frame-034.png>
Package pdftex.def Info: animation_frames/frame-034.png  used on input line 432.
(pdftex.def)             Requested size: 481.79881pt x 481.79881pt.
 <./animation_frames/frame-034.png> <a0,fr34>
<animation_frames/frame-035.png, id=835, 481.8pt x 481.8pt>
File: animation_frames/frame-035.png Graphic file (type png)
<use animation_frames/frame-035.png>
Package pdftex.def Info: animation_frames/frame-035.png  used on input line 432.
(pdftex.def)             Requested size: 481.79881pt x 481.79881pt.
 <./animation_frames/frame-035.png> <a0,fr35>
<animation_frames/frame-036.png, id=839, 481.8pt x 481.8pt>
File: animation_frames/frame-036.png Graphic file (type png)
<use animation_frames/frame-036.png>
Package pdftex.def Info: animation_frames/frame-036.png  used on input line 432.
(pdftex.def)             Requested size: 481.79881pt x 481.79881pt.
 <./animation_frames/frame-036.png> <a0,fr36>
<animation_frames/frame-037.png, id=843, 481.8pt x 481.8pt>
File: animation_frames/frame-037.png Graphic file (type png)
<use animation_frames/frame-037.png>
Package pdftex.def Info: animation_frames/frame-037.png  used on input line 432.
(pdftex.def)             Requested size: 481.79881pt x 481.79881pt.
 <./animation_frames/frame-037.png> <a0,fr37>
<animation_frames/frame-038.png, id=847, 481.8pt x 481.8pt>
File: animation_frames/frame-038.png Graphic file (type png)
<use animation_frames/frame-038.png>
Package pdftex.def Info: animation_frames/frame-038.png  used on input line 432.
(pdftex.def)             Requested size: 481.79881pt x 481.79881pt.
 <./animation_frames/frame-038.png> <a0,fr38>
<animation_frames/frame-039.png, id=851, 481.8pt x 481.8pt>
File: animation_frames/frame-039.png Graphic file (type png)
<use animation_frames/frame-039.png>
Package pdftex.def Info: animation_frames/frame-039.png  used on input line 432.
(pdftex.def)             Requested size: 481.79881pt x 481.79881pt.
 <./animation_frames/frame-039.png> <a0,fr39>
<animation_frames/frame-040.png, id=855, 481.8pt x 481.8pt>
File: animation_frames/frame-040.png Graphic file (type png)
<use animation_frames/frame-040.png>
Package pdftex.def Info: animation_frames/frame-040.png  used on input line 432.
(pdftex.def)             Requested size: 481.79881pt x 481.79881pt.
 <./animation_frames/frame-040.png> <a0,fr40>
<animation_frames/frame-041.png, id=859, 481.8pt x 481.8pt>
File: animation_frames/frame-041.png Graphic file (type png)
<use animation_frames/frame-041.png>
Package pdftex.def Info: animation_frames/frame-041.png  used on input line 432.
(pdftex.def)             Requested size: 481.79881pt x 481.79881pt.
 <./animation_frames/frame-041.png> <a0,fr41>
<animation_frames/frame-042.png, id=863, 481.8pt x 481.8pt>
File: animation_frames/frame-042.png Graphic file (type png)
<use animation_frames/frame-042.png>
Package pdftex.def Info: animation_frames/frame-042.png  used on input line 432.
(pdftex.def)             Requested size: 481.79881pt x 481.79881pt.
 <./animation_frames/frame-042.png> <a0,fr42>
<animation_frames/frame-043.png, id=867, 481.8pt x 481.8pt>
File: animation_frames/frame-043.png Graphic file (type png)
<use animation_frames/frame-043.png>
Package pdftex.def Info: animation_frames/frame-043.png  used on input line 432.
(pdftex.def)             Requested size: 481.79881pt x 481.79881pt.
 <./animation_frames/frame-043.png> <a0,fr43>
File: images/Logo_Swinburne_Landscape.png Graphic file (type png)
<use images/Logo_Swinburne_Landscape.png>
Package pdftex.def Info: images/Logo_Swinburne_Landscape.png  used on input line 432.
(pdftex.def)             Requested size: 63.0pt x 31.48962pt.
 [14

]
File: images/Logo_Swinburne_Landscape.png Graphic file (type png)
<use images/Logo_Swinburne_Landscape.png>
Package pdftex.def Info: images/Logo_Swinburne_Landscape.png  used on input line 461.
(pdftex.def)             Requested size: 63.0pt x 31.48962pt.
File: images/uml_state_diagram.png Graphic file (type png)
<use images/uml_state_diagram.png>
Package pdftex.def Info: images/uml_state_diagram.png  used on input line 461.
(pdftex.def)             Requested size: 145.51431pt x 76.65628pt.
File: images/Logo_Swinburne_Landscape.png Graphic file (type png)
<use images/Logo_Swinburne_Landscape.png>
Package pdftex.def Info: images/Logo_Swinburne_Landscape.png  used on input line 461.
(pdftex.def)             Requested size: 63.0pt x 31.48962pt.
 [15

]
File: images/Logo_Swinburne_Landscape.png Graphic file (type png)
<use images/Logo_Swinburne_Landscape.png>
Package pdftex.def Info: images/Logo_Swinburne_Landscape.png  used on input line 486.
(pdftex.def)             Requested size: 63.0pt x 31.48962pt.
<images/uml_composite_structure_saved.png, id=1001, 536.2434pt x 470.4777pt>
File: images/uml_composite_structure_saved.png Graphic file (type png)
<use images/uml_composite_structure_saved.png>
Package pdftex.def Info: images/uml_composite_structure_saved.png  used on input line 486.
(pdftex.def)             Requested size: 181.89568pt x 159.58699pt.
File: images/Logo_Swinburne_Landscape.png Graphic file (type png)
<use images/Logo_Swinburne_Landscape.png>
Package pdftex.def Info: images/Logo_Swinburne_Landscape.png  used on input line 486.
(pdftex.def)             Requested size: 63.0pt x 31.48962pt.
 [16

 <./images/uml_composite_structure_saved.png>]
File: images/Logo_Swinburne_Landscape.png Graphic file (type png)
<use images/Logo_Swinburne_Landscape.png>
Package pdftex.def Info: images/Logo_Swinburne_Landscape.png  used on input line 494.
(pdftex.def)             Requested size: 63.0pt x 31.48962pt.
File: images/uml_event_flow.png Graphic file (type png)
<use images/uml_event_flow.png>
Package pdftex.def Info: images/uml_event_flow.png  used on input line 494.
(pdftex.def)             Requested size: 291.03418pt x 221.5111pt.

Overfull \vbox (35.99388pt too high) detected at line 494
 []

File: images/Logo_Swinburne_Landscape.png Graphic file (type png)
<use images/Logo_Swinburne_Landscape.png>
Package pdftex.def Info: images/Logo_Swinburne_Landscape.png  used on input line 494.
(pdftex.def)             Requested size: 63.0pt x 31.48962pt.
[17

]
File: images/Logo_Swinburne_Landscape.png Graphic file (type png)
<use images/Logo_Swinburne_Landscape.png>
Package pdftex.def Info: images/Logo_Swinburne_Landscape.png  used on input line 518.
(pdftex.def)             Requested size: 63.0pt x 31.48962pt.
<images/nav_feedback_waypoints.png, id=1094, 524.6802pt x 319.4334pt>
File: images/nav_feedback_waypoints.png Graphic file (type png)
<use images/nav_feedback_waypoints.png>
Package pdftex.def Info: images/nav_feedback_waypoints.png  used on input line 518.
(pdftex.def)             Requested size: 72.75716pt x 44.29144pt.
File: images/Logo_Swinburne_Landscape.png Graphic file (type png)
<use images/Logo_Swinburne_Landscape.png>
Package pdftex.def Info: images/Logo_Swinburne_Landscape.png  used on input line 518.
(pdftex.def)             Requested size: 63.0pt x 31.48962pt.
 [18

 <./images/nav_feedback_waypoints.png>]
File: images/Logo_Swinburne_Landscape.png Graphic file (type png)
<use images/Logo_Swinburne_Landscape.png>
Package pdftex.def Info: images/Logo_Swinburne_Landscape.png  used on input line 538.
(pdftex.def)             Requested size: 63.0pt x 31.48962pt.
File: images/Logo_Swinburne_Landscape.png Graphic file (type png)
<use images/Logo_Swinburne_Landscape.png>
Package pdftex.def Info: images/Logo_Swinburne_Landscape.png  used on input line 538.
(pdftex.def)             Requested size: 63.0pt x 31.48962pt.
 [19

]
File: images/Logo_Swinburne_Landscape.png Graphic file (type png)
<use images/Logo_Swinburne_Landscape.png>
Package pdftex.def Info: images/Logo_Swinburne_Landscape.png  used on input line 546.
(pdftex.def)             Requested size: 63.0pt x 31.48962pt.
<images/joystick_control.png, id=1208, 283.2984pt x 268.8444pt>
File: images/joystick_control.png Graphic file (type png)
<use images/joystick_control.png>
Package pdftex.def Info: images/joystick_control.png  used on input line 546.
(pdftex.def)             Requested size: 109.1385pt x 103.569pt.
File: images/Logo_Swinburne_Landscape.png Graphic file (type png)
<use images/Logo_Swinburne_Landscape.png>
Package pdftex.def Info: images/Logo_Swinburne_Landscape.png  used on input line 546.
(pdftex.def)             Requested size: 63.0pt x 31.48962pt.
 [20

 <./images/joystick_control.png>]
File: images/Logo_Swinburne_Landscape.png Graphic file (type png)
<use images/Logo_Swinburne_Landscape.png>
Package pdftex.def Info: images/Logo_Swinburne_Landscape.png  used on input line 567.
(pdftex.def)             Requested size: 63.0pt x 31.48962pt.
File: images/Logo_Swinburne_Landscape.png Graphic file (type png)
<use images/Logo_Swinburne_Landscape.png>
Package pdftex.def Info: images/Logo_Swinburne_Landscape.png  used on input line 567.
(pdftex.def)             Requested size: 63.0pt x 31.48962pt.
 [21

]
File: images/Logo_Swinburne_Landscape.png Graphic file (type png)
<use images/Logo_Swinburne_Landscape.png>
Package pdftex.def Info: images/Logo_Swinburne_Landscape.png  used on input line 595.
(pdftex.def)             Requested size: 63.0pt x 31.48962pt.
<images/mapclick_flowchart.png, id=1302, 437.2335pt x 365.6862pt>
File: images/mapclick_flowchart.png Graphic file (type png)
<use images/mapclick_flowchart.png>
Package pdftex.def Info: images/mapclick_flowchart.png  used on input line 595.
(pdftex.def)             Requested size: 145.51431pt x 121.70352pt.
File: images/Logo_Swinburne_Landscape.png Graphic file (type png)
<use images/Logo_Swinburne_Landscape.png>
Package pdftex.def Info: images/Logo_Swinburne_Landscape.png  used on input line 595.
(pdftex.def)             Requested size: 63.0pt x 31.48962pt.
 [22

 <./images/mapclick_flowchart.png>]
File: images/Logo_Swinburne_Landscape.png Graphic file (type png)
<use images/Logo_Swinburne_Landscape.png>
Package pdftex.def Info: images/Logo_Swinburne_Landscape.png  used on input line 623.
(pdftex.def)             Requested size: 63.0pt x 31.48962pt.
File: images/Logo_Swinburne_Landscape.png Graphic file (type png)
<use images/Logo_Swinburne_Landscape.png>
Package pdftex.def Info: images/Logo_Swinburne_Landscape.png  used on input line 623.
(pdftex.def)             Requested size: 63.0pt x 31.48962pt.
 [23

]
File: images/Logo_Swinburne_Landscape.png Graphic file (type png)
<use images/Logo_Swinburne_Landscape.png>
Package pdftex.def Info: images/Logo_Swinburne_Landscape.png  used on input line 650.
(pdftex.def)             Requested size: 63.0pt x 31.48962pt.
File: images/Logo_Swinburne_Landscape.png Graphic file (type png)
<use images/Logo_Swinburne_Landscape.png>
Package pdftex.def Info: images/Logo_Swinburne_Landscape.png  used on input line 650.
(pdftex.def)             Requested size: 63.0pt x 31.48962pt.
 [24

]
\tf@nav=\write6
\openout6 = `example_presentation.nav'.

\tf@toc=\write7
\openout7 = `example_presentation.toc'.

\tf@snm=\write8
\openout8 = `example_presentation.snm'.

 (./example_presentation.aux)
 ***********
LaTeX2e <2023-11-01> patch level 1
L3 programming layer <2024-01-22>
 ***********
Package rerunfilecheck Info: File `example_presentation.out' has not changed.
(rerunfilecheck)             Checksum: CCCB5FAA2860B283285CC759DB8C4B72;1575.
 ) 
Here is how much of TeX's memory you used:
 25571 strings out of 474222
 509741 string characters out of 5748733
 1952975 words of memory out of 5000000
 47262 multiletter control sequences out of 15000+600000
 569445 words of font info for 80 fonts, out of 8000000 for 9000
 1141 hyphenation exceptions out of 8191
 128i,20n,123p,2506b,926s stack positions out of 10000i,1000n,20000p,200000b,200000s
</usr/share/texlive/texmf-dist/fonts/type1/public/amsfonts/cm/cmbx10.pfb></usr/share/texlive/texmf-dist/fonts/type1/public/amsfonts/cm/cmbx12.pfb></usr/share/texlive/texmf-dist/fonts/type1/public/amsfonts/cm/cmbx5.pfb></usr/share/texlive/texmf-dist/fonts/type1/public/amsfonts/cm/cmbx7.pfb></usr/share/texlive/texmf-dist/fonts/type1/public/amsfonts/cm/cmbx8.pfb></usr/share/texlive/texmf-dist/fonts/type1/public/amsfonts/cm/cmmi10.pfb></usr/share/texlive/texmf-dist/fonts/type1/public/amsfonts/cm/cmmi12.pfb></usr/share/texlive/texmf-dist/fonts/type1/public/amsfonts/cm/cmmi7.pfb></usr/share/texlive/texmf-dist/fonts/type1/public/amsfonts/cm/cmmi8.pfb></usr/share/texlive/texmf-dist/fonts/type1/public/amsfonts/cm/cmr10.pfb></usr/share/texlive/texmf-dist/fonts/type1/public/amsfonts/cm/cmr12.pfb></usr/share/texlive/texmf-dist/fonts/type1/public/amsfonts/cm/cmr5.pfb></usr/share/texlive/texmf-dist/fonts/type1/public/amsfonts/cm/cmr6.pfb></usr/share/texlive/texmf-dist/fonts/type1/public/amsfonts/cm/cmr7.pfb></usr/share/texlive/texmf-dist/fonts/type1/public/amsfonts/cm/cmr8.pfb></usr/share/texlive/texmf-dist/fonts/type1/public/amsfonts/cm/cmsy10.pfb></usr/share/texlive/texmf-dist/fonts/type1/public/amsfonts/cm/cmsy7.pfb></usr/share/texlive/texmf-dist/fonts/type1/public/amsfonts/cm/cmsy8.pfb></usr/share/texlive/texmf-dist/fonts/type1/public/amsfonts/cm/cmtt10.pfb>
Output written on example_presentation.pdf (24 pages, 9498460 bytes).
PDF statistics:
 1543 PDF objects out of 1728 (max. 8388607)
 1239 compressed objects within 13 object streams
 62 named destinations out of 1000 (max. 500000)
 1085 words of extra memory for PDF output out of 10000 (max. 10000000)

